<?xml version="1.0" encoding="UTF-8"?>
<testsuite xmlns:xsi="http://www.w3.org/2001/XMLSchema-instance" xsi:noNamespaceSchemaLocation="https://maven.apache.org/surefire/maven-surefire-plugin/xsd/surefire-test-report-3.0.xsd" version="3.0" name="modelo.PuntoTest" time="0.382" tests="3" errors="0" skipped="0" failures="0">
  <properties>
[...]
</properties>
  <testcase name="testDistanciaManual" classname="modelo.PuntoTest" time="0.145">
    <system-out><![CDATA[Iniciando pruebas de Punto...
Preparando un nuevo test...
Prueba de distancia entre puntos (cálculo manual)
Test finalizado.

]]></system-out>
  </testcase>
  <testcase name="testConstructorAsignaValores" classname="modelo.PuntoTest" time="0.019">
    <system-out><![CDATA[Preparando un nuevo test...
Prueba del constructor
Test finalizado.

]]></system-out>
  </testcase>
  <testcase name="testModificarValores" classname="modelo.PuntoTest" time="0.005">
    <system-out><![CDATA[Preparando un nuevo test...
Prueba de modificación manual
Test finalizado.

]]></system-out>
  </testcase>
</testsuite>